<?xml version="1.0" encoding="UTF-8"?>
<!-- Generated by org.testng.reporters.JUnitXMLReporter -->
<testsuite hostname="INBASDLP06012" ignored="1" name="user-input" tests="1" failures="0" timestamp="20 Jul 2019 08:46:58 GMT" time="103.187" errors="0">
  <testcase name="registerUser" time="103.141" classname="com.tm.user.info.CustomerWebCenterTest"/>
  <testcase name="searchParts" time="0.0" classname="com.tm.user.info.CustomerWebCenterTest">
    <ignored/>
  </testcase> <!-- searchParts -->
</testsuite> <!-- user-input -->
