<?xml version="1.0" encoding="UTF-8"?>
<testng-results skipped="0" failed="0" ignored="1" total="2" passed="1">
  <reporter-output>
  </reporter-output>
  <suite name="Default Suite" duration-ms="103187" started-at="2019-07-20T08:45:14Z" finished-at="2019-07-20T08:46:58Z">
    <groups>
      <group name="registerUser">
        <method signature="RegisterUserTest.registerUser(com.tm.user.info.TestObject, com.tm.user.info.User)[pri:0, instance:com.tm.user.info.RegisterUserTest@27a8c74e]" name="registerUser" class="com.tm.user.info.RegisterUserTest"/>
      </group> <!-- registerUser -->
    </groups>
    <test name="user-input" duration-ms="103187" started-at="2019-07-20T08:45:14Z" finished-at="2019-07-20T08:46:58Z">
      <class name="com.tm.user.info.RegisterUserTest">
        <test-method status="PASS" signature="registerUser(com.tm.user.info.TestObject, com.tm.user.info.User)[pri:0, instance:com.tm.user.info.RegisterUserTest@27a8c74e]" name="registerUser" duration-ms="103141" started-at="2019-07-20T08:45:14Z" data-provider="UserInfo" finished-at="2019-07-20T08:46:58Z">
          <params>
            <param index="0">
              <value>
                <![CDATA[[TestCaseId=1|TestTitle=registerUser]]]>
              </value>
            </param>
            <param index="1">
              <value>
                <![CDATA[com.tm.user.info.User@51c8530f]]>
              </value>
            </param>
          </params>
          <reporter-output>
          </reporter-output>
        </test-method> <!-- registerUser -->
      </class> <!-- com.tm.user.info.RegisterUserTest -->
    </test> <!-- user-input -->
  </suite> <!-- Default Suite -->
</testng-results>
